16:26:58.351 [main] INFO  - The user searches for BookShelves
16:27:15.925 [main] INFO  - The PopUp is closed
16:27:19.375 [main] INFO  - The user selects KidsBookShelves from category
16:27:22.941 [main] INFO  - The user selects the Price Range
16:27:25.562 [main] INFO  - The user selects Out of Stock option
16:27:27.975 [main] INFO  - The user selects the Order range
16:27:52.787 [main] INFO  - The user prints the details of first Three products
16:27:54.332 [main] INFO  - The user moves to Living sub Menu
16:28:23.186 [main] INFO  - The user prints the options available in Living menu
16:29:10.057 [main] INFO  - The user selects the GiftCard option
16:29:12.302 [main] INFO  - The user scrolls to Birthday Gift card
16:29:13.832 [main] INFO  - The user chooses the Birthday Gift Card
16:29:15.167 [main] INFO  - The user selects the Price of the Gift Card
16:29:16.911 [main] INFO  - The user selects the date of the Gift Card
16:29:17.814 [main] INFO  - The user selects on the Next option
16:29:20.004 [main] INFO  - The user enters the details of To's details
16:29:22.112 [main] INFO  - The user enters the details of From's details
16:29:25.808 [main] INFO  - The user validates the deatails and clicks on Confirm
10:40:42.749 [main] INFO  - The user searches for BookShelves
10:40:45.041 [main] INFO  - The PopUp is closed
10:40:48.789 [main] INFO  - The user selects KidsBookShelves from category
10:40:51.735 [main] INFO  - The user selects the Price Range
10:40:53.105 [main] INFO  - The user selects Out of Stock option
10:40:54.601 [main] INFO  - The user selects the Order range
10:41:03.071 [main] INFO  - The user prints the details of first Three products
10:41:04.252 [main] INFO  - The user moves to Living sub Menu
10:43:40.413 [main] INFO  - The user searches for BookShelves
10:43:41.559 [main] INFO  - The PopUp is closed
10:43:43.045 [main] INFO  - The user selects KidsBookShelves from category
10:43:45.102 [main] INFO  - The user selects the Price Range
10:43:46.624 [main] INFO  - The user selects Out of Stock option
10:43:47.662 [main] INFO  - The user selects the Order range
10:43:54.934 [main] INFO  - The user prints the details of first Three products
10:43:55.998 [main] INFO  - The user moves to Living sub Menu
10:44:05.446 [main] INFO  - The user prints the options available in Living menu
10:44:23.210 [main] INFO  - The user selects the GiftCard option
10:44:24.588 [main] INFO  - The user scrolls to Birthday Gift card
10:44:25.719 [main] INFO  - The user chooses the Birthday Gift Card
10:44:26.552 [main] INFO  - The user selects the Price of the Gift Card
10:44:27.996 [main] INFO  - The user selects the date of the Gift Card
10:44:28.762 [main] INFO  - The user selects on the Next option
10:44:30.596 [main] INFO  - The user enters the details of To's details
10:44:32.004 [main] INFO  - The user enters the details of From's details
10:44:35.587 [main] INFO  - The user validates the deatails and clicks on Confirm
10:46:27.173 [main] INFO  - The user searches for BookShelves
10:46:28.772 [main] INFO  - The PopUp is closed
10:46:30.772 [main] INFO  - The user selects KidsBookShelves from category
10:46:34.072 [main] INFO  - The user selects the Price Range
10:46:35.412 [main] INFO  - The user selects Out of Stock option
10:46:36.645 [main] INFO  - The user selects the Order range
10:46:45.546 [main] INFO  - The user prints the details of first Three products
10:46:46.819 [main] INFO  - The user moves to Living sub Menu
10:46:58.175 [main] INFO  - The user prints the options available in Living menu
10:47:07.007 [main] INFO  - The user selects the GiftCard option
10:47:08.465 [main] INFO  - The user scrolls to Birthday Gift card
10:47:09.525 [main] INFO  - The user chooses the Birthday Gift Card
10:47:11.491 [main] INFO  - The user selects the Price of the Gift Card
10:47:13.859 [main] INFO  - The user selects the date of the Gift Card
10:47:14.812 [main] INFO  - The user selects on the Next option
10:47:18.282 [main] INFO  - The user enters the details of To's details
10:47:21.807 [main] INFO  - The user enters the details of From's details
10:47:25.745 [main] INFO  - The user validates the deatails and clicks on Confirm
10:54:19.523 [main] INFO  - The user searches for BookShelves
10:54:20.593 [main] INFO  - The PopUp is closed
10:54:22.119 [main] INFO  - The user selects KidsBookShelves from category
10:54:25.280 [main] INFO  - The user selects the Price Range
10:54:26.737 [main] INFO  - The user selects Out of Stock option
10:54:28.203 [main] INFO  - The user selects the Order range
10:54:36.801 [main] INFO  - The user prints the details of first Three products
10:54:38.187 [main] INFO  - The user moves to Living sub Menu
10:54:45.053 [main] INFO  - The user prints the options available in Living menu
10:55:00.416 [main] INFO  - The user selects the GiftCard option
10:55:01.736 [main] INFO  - The user scrolls to Birthday Gift card
10:55:03.106 [main] INFO  - The user chooses the Birthday Gift Card
10:55:04.038 [main] INFO  - The user selects the Price of the Gift Card
10:55:05.774 [main] INFO  - The user selects the date of the Gift Card
10:55:06.722 [main] INFO  - The user selects on the Next option
10:55:08.523 [main] INFO  - The user enters the details of To's details
10:55:10.894 [main] INFO  - The user enters the details of From's details
10:55:14.766 [main] INFO  - The user validates the deatails and clicks on Confirm
11:12:23.987 [main] INFO  - The user searches for BookShelves
11:12:25.239 [main] INFO  - The PopUp is closed
11:12:27.099 [main] INFO  - The user selects KidsBookShelves from category
11:12:31.212 [main] INFO  - The user selects the Price Range
11:12:32.802 [main] INFO  - The user selects Out of Stock option
11:12:34.030 [main] INFO  - The user selects the Order range
11:12:42.628 [main] INFO  - The user prints the details of first Three products
11:12:44.349 [main] INFO  - The user moves to Living sub Menu
11:12:54.523 [main] INFO  - The user prints the options available in Living menu
11:13:03.894 [main] INFO  - The user selects the GiftCard option
11:13:05.627 [main] INFO  - The user scrolls to Birthday Gift card
11:13:06.995 [main] INFO  - The user chooses the Birthday Gift Card
11:13:08.363 [main] INFO  - The user selects the Price of the Gift Card
11:13:13.149 [main] INFO  - The user selects the date of the Gift Card
11:13:14.890 [main] INFO  - The user selects on the Next option
11:13:19.551 [main] INFO  - The user enters the details of To's details
11:13:26.640 [main] INFO  - The user enters the details of From's details
11:13:31.109 [main] INFO  - The user validates the deatails and clicks on Confirm
12:37:57.744 [main] INFO  - The user searches for BookShelves
12:37:59.190 [main] INFO  - The PopUp is closed
12:38:00.909 [main] INFO  - The user selects KidsBookShelves from category
12:38:03.473 [main] INFO  - The user selects the Price Range
12:38:05.054 [main] INFO  - The user selects Out of Stock option
12:38:06.412 [main] INFO  - The user selects the Order range
12:38:16.818 [main] INFO  - The user prints the details of first Three products
12:38:18.144 [main] INFO  - The user moves to Living sub Menu
12:38:24.821 [main] INFO  - The user prints the options available in Living menu
12:39:08.627 [main] INFO  - The user selects the GiftCard option
12:39:09.921 [main] INFO  - The user scrolls to Birthday Gift card
12:39:10.946 [main] INFO  - The user chooses the Birthday Gift Card
12:39:11.690 [main] INFO  - The user selects the Price of the Gift Card
12:39:13.018 [main] INFO  - The user selects the date of the Gift Card
12:39:13.675 [main] INFO  - The user selects on the Next option
12:39:15.400 [main] INFO  - The user enters the details of To's details
12:39:16.847 [main] INFO  - The user enters the details of From's details
12:39:20.448 [main] INFO  - The user validates the deatails and clicks on Confirm
14:27:20.112 [main] INFO  - The user searches for BookShelves
14:27:22.506 [main] INFO  - The PopUp is closed
14:27:25.990 [main] INFO  - The user selects KidsBookShelves from category
14:27:28.701 [main] INFO  - The user selects the Price Range
14:27:30.442 [main] INFO  - The user selects Out of Stock option
14:27:31.990 [main] INFO  - The user selects the Order range
14:27:50.546 [main] INFO  - The user prints the details of first Three products
14:27:52.710 [main] INFO  - The user moves to Living sub Menu
14:28:26.728 [main] INFO  - The user prints the options available in Living menu
14:28:54.677 [main] INFO  - The user selects the GiftCard option
14:28:56.061 [main] INFO  - The user scrolls to Birthday Gift card
14:28:57.273 [main] INFO  - The user chooses the Birthday Gift Card
14:28:58.046 [main] INFO  - The user selects the Price of the Gift Card
14:28:59.473 [main] INFO  - The user selects the date of the Gift Card
14:29:00.296 [main] INFO  - The user selects on the Next option
14:29:02.338 [main] INFO  - The user enters the details of To's details
14:29:03.873 [main] INFO  - The user enters the details of From's details
14:29:07.536 [main] INFO  - The user validates the deatails and clicks on Confirm
15:45:28.927 [main] INFO  - The user searches for BookShelves
15:45:30.565 [main] INFO  - The PopUp is closed
15:45:32.190 [main] INFO  - The user selects KidsBookShelves from category
15:45:34.241 [main] INFO  - The user selects the Price Range
15:45:35.400 [main] INFO  - The user selects Out of Stock option
15:45:36.498 [main] INFO  - The user selects the Order range
15:45:43.634 [main] INFO  - The user prints the details of first Three products
15:45:44.444 [main] INFO  - The user moves to Living sub Menu
15:45:52.143 [main] INFO  - The user prints the options available in Living menu
15:46:25.057 [main] INFO  - The user selects the GiftCard option
15:46:26.980 [main] INFO  - The user scrolls to Birthday Gift card
15:46:28.309 [main] INFO  - The user chooses the Birthday Gift Card
15:46:29.443 [main] INFO  - The user selects the Price of the Gift Card
15:46:31.365 [main] INFO  - The user selects the date of the Gift Card
15:46:32.484 [main] INFO  - The user selects on the Next option
15:46:34.173 [main] INFO  - The user enters the details of To's details
15:46:35.826 [main] INFO  - The user enters the details of From's details
15:46:39.527 [main] INFO  - The user validates the deatails and clicks on Confirm
14:50:08.733 [main] INFO  - The user searches for BookShelves
14:50:09.566 [main] INFO  - The PopUp is closed
14:50:10.956 [main] INFO  - The user selects KidsBookShelves from category
14:50:13.358 [main] INFO  - The user selects the Price Range
14:50:14.566 [main] INFO  - The user selects Out of Stock option
14:50:15.667 [main] INFO  - The user selects the Order range
14:50:22.256 [main] INFO  - The user prints the details of first Three products
14:50:23.020 [main] INFO  - The user moves to Living sub Menu
14:50:28.329 [main] INFO  - The user prints the options available in Living menu
14:50:34.722 [main] INFO  - The user selects the GiftCard option
14:50:35.689 [main] INFO  - The user scrolls to Birthday Gift card
14:50:36.437 [main] INFO  - The user chooses the Birthday Gift Card
14:50:36.897 [main] INFO  - The user selects the Price of the Gift Card
14:50:37.785 [main] INFO  - The user selects the date of the Gift Card
14:50:38.303 [main] INFO  - The user selects on the Next option
14:50:39.566 [main] INFO  - The user enters the details of To's details
14:50:41.105 [main] INFO  - The user enters the details of From's details
14:50:44.753 [main] INFO  - The user validates the deatails and clicks on Confirm
17:51:14.382 [main] INFO  - The user searches for BookShelves
17:51:16.036 [main] INFO  - The PopUp is closed
17:51:17.636 [main] INFO  - The user selects KidsBookShelves from category
17:51:19.610 [main] INFO  - The user selects the Price Range
17:51:20.484 [main] INFO  - The user selects Out of Stock option
17:51:21.402 [main] INFO  - The user selects the Order range
17:51:27.503 [main] INFO  - The user prints the details of first Three products
17:51:28.393 [main] INFO  - The user moves to Living sub Menu
17:51:35.268 [main] INFO  - The user prints the options available in Living menu
17:52:15.515 [main] INFO  - The user selects the GiftCard option
17:52:16.353 [main] INFO  - The user scrolls to Birthday Gift card
17:52:17.134 [main] INFO  - The user chooses the Birthday Gift Card
17:52:17.602 [main] INFO  - The user selects the Price of the Gift Card
17:52:18.547 [main] INFO  - The user selects the date of the Gift Card
17:52:19.079 [main] INFO  - The user selects on the Next option
17:52:20.043 [main] INFO  - The user enters the details of To's details
17:52:21.162 [main] INFO  - The user enters the details of From's details
17:52:24.594 [main] INFO  - The user validates the deatails and clicks on Confirm
17:31:54.566 [main] INFO  - The user searches for BookShelves
17:31:55.903 [main] INFO  - The PopUp is closed
17:31:57.855 [main] INFO  - The user selects KidsBookShelves from category
17:32:00.509 [main] INFO  - The user selects the Price Range
17:32:01.584 [main] INFO  - The user selects Out of Stock option
17:32:02.769 [main] INFO  - The user selects the Order range
17:32:10.012 [main] INFO  - The user prints the details of first Three products
17:32:10.845 [main] INFO  - The user moves to Living sub Menu
17:32:14.917 [main] INFO  - The user prints the options available in Living menu
17:32:21.996 [main] INFO  - The user selects the GiftCard option
17:32:23.030 [main] INFO  - The user scrolls to Birthday Gift card
17:32:24.014 [main] INFO  - The user chooses the Birthday Gift Card
17:32:24.670 [main] INFO  - The user selects the Price of the Gift Card
17:32:25.761 [main] INFO  - The user selects the date of the Gift Card
17:32:26.520 [main] INFO  - The user selects on the Next option
17:32:28.092 [main] INFO  - The user enters the details of To's details
17:32:29.650 [main] INFO  - The user enters the details of From's details
17:32:33.365 [main] INFO  - The user validates the deatails and clicks on Confirm
10:25:57.592 [main] INFO  - The user searches for BookShelves
10:25:58.951 [main] INFO  - The PopUp is closed
10:26:00.493 [main] INFO  - The user selects KidsBookShelves from category
10:26:02.670 [main] INFO  - The user selects the Price Range
10:26:04.039 [main] INFO  - The user selects Out of Stock option
10:26:05.290 [main] INFO  - The user selects the Order range
10:26:13.020 [main] INFO  - The user prints the details of first Three products
10:26:13.868 [main] INFO  - The user moves to Living sub Menu
10:26:18.326 [main] INFO  - The user prints the options available in Living menu
10:26:24.617 [main] INFO  - The user selects the GiftCard option
10:26:26.367 [main] INFO  - The user scrolls to Birthday Gift card
10:26:27.598 [main] INFO  - The user chooses the Birthday Gift Card
10:26:28.578 [main] INFO  - The user selects the Price of the Gift Card
10:26:30.137 [main] INFO  - The user selects the date of the Gift Card
10:26:30.737 [main] INFO  - The user selects on the Next option
10:26:31.922 [main] INFO  - The user enters the details of To's details
10:26:33.176 [main] INFO  - The user enters the details of From's details
10:26:37.182 [main] INFO  - The user validates the deatails and clicks on Confirm
17:42:41.087 [main] INFO  - The user searches for BookShelves
17:42:42.277 [main] INFO  - The PopUp is closed
17:42:43.513 [main] INFO  - The user selects KidsBookShelves from category
17:42:45.261 [main] INFO  - The user selects the Price Range
17:42:46.442 [main] INFO  - The user selects Out of Stock option
17:42:47.514 [main] INFO  - The user selects the Order range
17:42:54.690 [main] INFO  - The user prints the details of first Three products
17:42:55.600 [main] INFO  - The user moves to Living sub Menu
17:43:00.695 [main] INFO  - The user prints the options available in Living menu
17:43:05.030 [main] INFO  - The user selects the GiftCard option
17:43:05.969 [main] INFO  - The user scrolls to Birthday Gift card
17:43:06.726 [main] INFO  - The user chooses the Birthday Gift Card
17:43:07.184 [main] INFO  - The user selects the Price of the Gift Card
17:43:08.166 [main] INFO  - The user selects the date of the Gift Card
17:43:08.677 [main] INFO  - The user selects on the Next option
17:43:09.874 [main] INFO  - The user enters the details of To's details
17:43:10.974 [main] INFO  - The user enters the details of From's details
17:43:14.410 [main] INFO  - The user validates the deatails and clicks on Confirm
17:46:25.866 [main] INFO  - The user searches for BookShelves
17:46:27.017 [main] INFO  - The PopUp is closed
17:46:28.219 [main] INFO  - The user selects KidsBookShelves from category
17:46:29.971 [main] INFO  - The user selects the Price Range
17:46:30.689 [main] INFO  - The user selects Out of Stock option
17:46:31.662 [main] INFO  - The user selects the Order range
17:46:39.741 [main] INFO  - The user prints the details of first Three products
17:46:40.669 [main] INFO  - The user moves to Living sub Menu
17:46:47.008 [main] INFO  - The user prints the options available in Living menu
17:46:52.687 [main] INFO  - The user selects the GiftCard option
17:46:53.581 [main] INFO  - The user scrolls to Birthday Gift card
17:46:54.273 [main] INFO  - The user chooses the Birthday Gift Card
17:46:54.726 [main] INFO  - The user selects the Price of the Gift Card
17:46:55.541 [main] INFO  - The user selects the date of the Gift Card
17:46:56.034 [main] INFO  - The user selects on the Next option
17:46:57.021 [main] INFO  - The user enters the details of To's details
17:46:58.226 [main] INFO  - The user enters the details of From's details
17:47:01.659 [main] INFO  - The user validates the deatails and clicks on Confirm
